[0.275s] [34mcolcon[0m [1;30mDEBUG[0m [32mCommand line arguments: ['/Users/eecue/mambaforge/envs/ros_env/bin/colcon', 'build'][0m
[0.275s] [34mcolcon[0m [1;30mDEBUG[0m [32mParsed command line arguments: Namespace(log_base=None, log_level=None, verb_name='build', build_base='build', install_base='install', merge_install=False, symlink_install=False, test_result_base=None, continue_on_error=False, executor='parallel', parallel_workers=10, event_handlers=None, ignore_user_meta=False, metas=['./colcon.meta'], base_paths=['.'], packages_ignore=None, packages_ignore_regex=None, paths=None, packages_up_to=None, packages_up_to_regex=None, packages_above=None, packages_above_and_dependencies=None, packages_above_depth=None, packages_select_by_dep=None, packages_skip_by_dep=None, packages_skip_up_to=None, packages_select_build_failed=False, packages_skip_build_finished=False, packages_select_test_failures=False, packages_skip_test_passed=False, packages_select=None, packages_skip=None, packages_select_regex=None, packages_skip_regex=None, packages_start=None, packages_end=None, cmake_args=None, cmake_target=None, cmake_target_skip_unavailable=False, cmake_clean_cache=False, cmake_clean_first=False, cmake_force_configure=False, ament_cmake_args=None, catkin_cmake_args=None, catkin_skip_building_tests=False, verb_parser=<colcon_defaults.argument_parser.defaults.DefaultArgumentsDecorator object at 0x101c509a0>, verb_extension=<colcon_core.verb.build.BuildVerb object at 0x1019aceb0>, main=<bound method BuildVerb.main of <colcon_core.verb.build.BuildVerb object at 0x1019aceb0>>)[0m
[0.305s] [34mcolcon.colcon_core.package_discovery[0m [1;30mLevel 1[0m discover_packages(colcon_meta) check parameters
[0.305s] [34mcolcon.colcon_core.package_discovery[0m [1;30mLevel 1[0m discover_packages(recursive) check parameters
[0.306s] [34mcolcon.colcon_core.package_discovery[0m [1;30mLevel 1[0m discover_packages(ignore) check parameters
[0.306s] [34mcolcon.colcon_core.package_discovery[0m [1;30mLevel 1[0m discover_packages(path) check parameters
[0.306s] [34mcolcon.colcon_core.package_discovery[0m [1;30mLevel 1[0m discover_packages(colcon_meta) discover
[0.306s] [34mcolcon.colcon_core.package_discovery[0m [1;30mLevel 1[0m discover_packages(recursive) discover
[0.306s] [34mcolcon.colcon_core.package_discovery[0m [1;30mINFO[0m Crawling recursively for packages in '/Users/eecue/Documents/robotics/opencr_eecue/6dof_arm_eecue_opencr_ros/eecue_6dof_arm'
[0.306s] [34mcolcon.colcon_core.package_identification[0m [1;30mLevel 1[0m _identify(.) by extensions ['ignore', 'ignore_ament_install']
[0.306s] [34mcolcon.colcon_core.package_identification[0m [1;30mLevel 1[0m _identify(.) by extension 'ignore'
[0.306s] [34mcolcon.colcon_core.package_identification[0m [1;30mLevel 1[0m _identify(.) by extension 'ignore_ament_install'
[0.306s] [34mcolcon.colcon_core.package_identification[0m [1;30mLevel 1[0m _identify(.) by extensions ['colcon_pkg']
[0.306s] [34mcolcon.colcon_core.package_identification[0m [1;30mLevel 1[0m _identify(.) by extension 'colcon_pkg'
[0.306s] [34mcolcon.colcon_core.package_identification[0m [1;30mLevel 1[0m _identify(.) by extensions ['colcon_meta']
[0.306s] [34mcolcon.colcon_core.package_identification[0m [1;30mLevel 1[0m _identify(.) by extension 'colcon_meta'
[0.306s] [34mcolcon.colcon_core.package_identification[0m [1;30mLevel 1[0m _identify(.) by extensions ['ros']
[0.306s] [34mcolcon.colcon_core.package_identification[0m [1;30mLevel 1[0m _identify(.) by extension 'ros'
[0.319s] [34mcolcon.colcon_core.package_identification[0m [1;30mDEBUG[0m [32mPackage '.' with type 'ros.ament_cmake' and name 'eecue_6dof_arm'[0m
[0.319s] [34mcolcon.colcon_core.package_discovery[0m [1;30mLevel 1[0m discover_packages(recursive) using defaults
[0.319s] [34mcolcon.colcon_core.package_discovery[0m [1;30mLevel 1[0m discover_packages(ignore) discover
[0.319s] [34mcolcon.colcon_core.package_discovery[0m [1;30mLevel 1[0m discover_packages(ignore) using defaults
[0.319s] [34mcolcon.colcon_core.package_discovery[0m [1;30mLevel 1[0m discover_packages(path) discover
[0.319s] [34mcolcon.colcon_core.package_discovery[0m [1;30mLevel 1[0m discover_packages(path) using defaults
[0.344s] [34mcolcon.colcon_core.verb[0m [1;30mLevel 5[0m set package 'eecue_6dof_arm' build argument 'cmake_args' from command line to 'None'
[0.345s] [34mcolcon.colcon_core.verb[0m [1;30mLevel 5[0m set package 'eecue_6dof_arm' build argument 'cmake_target' from command line to 'None'
[0.345s] [34mcolcon.colcon_core.verb[0m [1;30mLevel 5[0m set package 'eecue_6dof_arm' build argument 'cmake_target_skip_unavailable' from command line to 'False'
[0.345s] [34mcolcon.colcon_core.verb[0m [1;30mLevel 5[0m set package 'eecue_6dof_arm' build argument 'cmake_clean_cache' from command line to 'False'
[0.345s] [34mcolcon.colcon_core.verb[0m [1;30mLevel 5[0m set package 'eecue_6dof_arm' build argument 'cmake_clean_first' from command line to 'False'
[0.345s] [34mcolcon.colcon_core.verb[0m [1;30mLevel 5[0m set package 'eecue_6dof_arm' build argument 'cmake_force_configure' from command line to 'False'
[0.345s] [34mcolcon.colcon_core.verb[0m [1;30mLevel 5[0m set package 'eecue_6dof_arm' build argument 'ament_cmake_args' from command line to 'None'
[0.345s] [34mcolcon.colcon_core.verb[0m [1;30mLevel 5[0m set package 'eecue_6dof_arm' build argument 'catkin_cmake_args' from command line to 'None'
[0.345s] [34mcolcon.colcon_core.verb[0m [1;30mLevel 5[0m set package 'eecue_6dof_arm' build argument 'catkin_skip_building_tests' from command line to 'False'
[0.345s] [34mcolcon.colcon_core.verb[0m [1;30mDEBUG[0m [32mBuilding package 'eecue_6dof_arm' with the following arguments: {'ament_cmake_args': None, 'build_base': '/Users/eecue/Documents/robotics/opencr_eecue/6dof_arm_eecue_opencr_ros/eecue_6dof_arm/build/eecue_6dof_arm', 'catkin_cmake_args': None, 'catkin_skip_building_tests': False, 'cmake_args': None, 'cmake_clean_cache': False, 'cmake_clean_first': False, 'cmake_force_configure': False, 'cmake_target': None, 'cmake_target_skip_unavailable': False, 'install_base': '/Users/eecue/Documents/robotics/opencr_eecue/6dof_arm_eecue_opencr_ros/eecue_6dof_arm/install/eecue_6dof_arm', 'merge_install': False, 'path': '/Users/eecue/Documents/robotics/opencr_eecue/6dof_arm_eecue_opencr_ros/eecue_6dof_arm', 'symlink_install': False, 'test_result_base': None}[0m
[0.346s] [34mcolcon.colcon_core.executor[0m [1;30mINFO[0m Executing jobs using 'parallel' executor
[0.352s] [34mcolcon.colcon_parallel_executor.executor.parallel[0m [1;30mDEBUG[0m [32mrun_until_complete[0m
[0.352s] [34mcolcon.colcon_ros.task.ament_cmake.build[0m [1;30mINFO[0m Building ROS package in '/Users/eecue/Documents/robotics/opencr_eecue/6dof_arm_eecue_opencr_ros/eecue_6dof_arm' with build type 'ament_cmake'
[0.352s] [34mcolcon.colcon_cmake.task.cmake.build[0m [1;30mINFO[0m Building CMake package in '/Users/eecue/Documents/robotics/opencr_eecue/6dof_arm_eecue_opencr_ros/eecue_6dof_arm'
[0.358s] [34mcolcon.colcon_core.plugin_system[0m [1;30mINFO[0m Skipping extension 'colcon_core.shell.bat': Not used on non-Windows systems
[0.358s] [34mcolcon.colcon_core.shell[0m [1;30mINFO[0m Skip shell extension 'powershell' for command environment: Not usable outside of PowerShell
[0.358s] [34mcolcon.colcon_core.shell[0m [1;30mDEBUG[0m [32mSkip shell extension 'dsv' for command environment[0m
[0.374s] [34mcolcon.colcon_core.event_handler.log_command[0m [1;30mDEBUG[0m [32mInvoking command in '/Users/eecue/Documents/robotics/opencr_eecue/6dof_arm_eecue_opencr_ros/eecue_6dof_arm/build/eecue_6dof_arm': CONDA_PROMPT_MODIFIER=(ros_env) SHLVL=2 _=/Users/eecue/mambaforge/envs/ros_env/bin/env __CF_USER_TEXT_ENCODING=0x1F5:0x0:0x0 /Users/eecue/mambaforge/envs/ros_env/bin/cmake --build /Users/eecue/Documents/robotics/opencr_eecue/6dof_arm_eecue_opencr_ros/eecue_6dof_arm/build/eecue_6dof_arm -- -j10 -l10[0m
[0.423s] [34mcolcon.colcon_core.event_handler.log_command[0m [1;30mDEBUG[0m [32mInvoked command in '/Users/eecue/Documents/robotics/opencr_eecue/6dof_arm_eecue_opencr_ros/eecue_6dof_arm/build/eecue_6dof_arm' returned '0': CONDA_PROMPT_MODIFIER=(ros_env) SHLVL=2 _=/Users/eecue/mambaforge/envs/ros_env/bin/env __CF_USER_TEXT_ENCODING=0x1F5:0x0:0x0 /Users/eecue/mambaforge/envs/ros_env/bin/cmake --build /Users/eecue/Documents/robotics/opencr_eecue/6dof_arm_eecue_opencr_ros/eecue_6dof_arm/build/eecue_6dof_arm -- -j10 -l10[0m
[0.473s] [34mcolcon.colcon_core.event_handler.log_command[0m [1;30mDEBUG[0m [32mInvoking command in '/Users/eecue/Documents/robotics/opencr_eecue/6dof_arm_eecue_opencr_ros/eecue_6dof_arm/build/eecue_6dof_arm': CONDA_PROMPT_MODIFIER=(ros_env) SHLVL=2 _=/Users/eecue/mambaforge/envs/ros_env/bin/env __CF_USER_TEXT_ENCODING=0x1F5:0x0:0x0 /Users/eecue/mambaforge/envs/ros_env/bin/cmake --install /Users/eecue/Documents/robotics/opencr_eecue/6dof_arm_eecue_opencr_ros/eecue_6dof_arm/build/eecue_6dof_arm[0m
[0.486s] [34mcolcon.colcon_core.environment[0m [1;30mLevel 1[0m create_environment_scripts_only(eecue_6dof_arm)
[0.487s] [34mcolcon.colcon_core.event_handler.log_command[0m [1;30mDEBUG[0m [32mInvoked command in '/Users/eecue/Documents/robotics/opencr_eecue/6dof_arm_eecue_opencr_ros/eecue_6dof_arm/build/eecue_6dof_arm' returned '0': CONDA_PROMPT_MODIFIER=(ros_env) SHLVL=2 _=/Users/eecue/mambaforge/envs/ros_env/bin/env __CF_USER_TEXT_ENCODING=0x1F5:0x0:0x0 /Users/eecue/mambaforge/envs/ros_env/bin/cmake --install /Users/eecue/Documents/robotics/opencr_eecue/6dof_arm_eecue_opencr_ros/eecue_6dof_arm/build/eecue_6dof_arm[0m
[0.491s] [34mcolcon.colcon_core.environment[0m [1;30mLevel 1[0m checking '/Users/eecue/Documents/robotics/opencr_eecue/6dof_arm_eecue_opencr_ros/eecue_6dof_arm/install/eecue_6dof_arm' for CMake module files
[0.492s] [34mcolcon.colcon_core.environment[0m [1;30mLevel 1[0m checking '/Users/eecue/Documents/robotics/opencr_eecue/6dof_arm_eecue_opencr_ros/eecue_6dof_arm/install/eecue_6dof_arm' for CMake config files
[0.492s] [34mcolcon.colcon_core.shell[0m [1;30mLevel 1[0m create_environment_hook('eecue_6dof_arm', 'cmake_prefix_path')
[0.495s] [34mcolcon.colcon_core.shell[0m [1;30mINFO[0m Creating environment hook '/Users/eecue/Documents/robotics/opencr_eecue/6dof_arm_eecue_opencr_ros/eecue_6dof_arm/install/eecue_6dof_arm/share/eecue_6dof_arm/hook/cmake_prefix_path.ps1'
[0.496s] [34mcolcon.colcon_core.shell[0m [1;30mINFO[0m Creating environment descriptor '/Users/eecue/Documents/robotics/opencr_eecue/6dof_arm_eecue_opencr_ros/eecue_6dof_arm/install/eecue_6dof_arm/share/eecue_6dof_arm/hook/cmake_prefix_path.dsv'
[0.496s] [34mcolcon.colcon_core.shell[0m [1;30mINFO[0m Creating environment hook '/Users/eecue/Documents/robotics/opencr_eecue/6dof_arm_eecue_opencr_ros/eecue_6dof_arm/install/eecue_6dof_arm/share/eecue_6dof_arm/hook/cmake_prefix_path.sh'
[0.497s] [34mcolcon.colcon_core.environment[0m [1;30mLevel 1[0m checking '/Users/eecue/Documents/robotics/opencr_eecue/6dof_arm_eecue_opencr_ros/eecue_6dof_arm/install/eecue_6dof_arm/lib'
[0.497s] [34mcolcon.colcon_core.environment[0m [1;30mLevel 1[0m checking '/Users/eecue/Documents/robotics/opencr_eecue/6dof_arm_eecue_opencr_ros/eecue_6dof_arm/install/eecue_6dof_arm/bin'
[0.497s] [34mcolcon.colcon_core.environment[0m [1;30mLevel 1[0m checking '/Users/eecue/Documents/robotics/opencr_eecue/6dof_arm_eecue_opencr_ros/eecue_6dof_arm/install/eecue_6dof_arm/lib/pkgconfig/eecue_6dof_arm.pc'
[0.497s] [34mcolcon.colcon_core.environment[0m [1;30mLevel 1[0m checking '/Users/eecue/Documents/robotics/opencr_eecue/6dof_arm_eecue_opencr_ros/eecue_6dof_arm/install/eecue_6dof_arm/lib/python3.9/site-packages'
[0.497s] [34mcolcon.colcon_core.environment[0m [1;30mLevel 1[0m checking '/Users/eecue/Documents/robotics/opencr_eecue/6dof_arm_eecue_opencr_ros/eecue_6dof_arm/install/eecue_6dof_arm/bin'
[0.500s] [34mcolcon.colcon_core.shell[0m [1;30mINFO[0m Creating package script '/Users/eecue/Documents/robotics/opencr_eecue/6dof_arm_eecue_opencr_ros/eecue_6dof_arm/install/eecue_6dof_arm/share/eecue_6dof_arm/package.ps1'
[0.501s] [34mcolcon.colcon_core.shell[0m [1;30mINFO[0m Creating package descriptor '/Users/eecue/Documents/robotics/opencr_eecue/6dof_arm_eecue_opencr_ros/eecue_6dof_arm/install/eecue_6dof_arm/share/eecue_6dof_arm/package.dsv'
[0.501s] [34mcolcon.colcon_core.shell[0m [1;30mINFO[0m Creating package script '/Users/eecue/Documents/robotics/opencr_eecue/6dof_arm_eecue_opencr_ros/eecue_6dof_arm/install/eecue_6dof_arm/share/eecue_6dof_arm/package.sh'
[0.501s] [34mcolcon.colcon_core.shell[0m [1;30mINFO[0m Creating package script '/Users/eecue/Documents/robotics/opencr_eecue/6dof_arm_eecue_opencr_ros/eecue_6dof_arm/install/eecue_6dof_arm/share/eecue_6dof_arm/package.bash'
[0.502s] [34mcolcon.colcon_core.shell[0m [1;30mINFO[0m Creating package script '/Users/eecue/Documents/robotics/opencr_eecue/6dof_arm_eecue_opencr_ros/eecue_6dof_arm/install/eecue_6dof_arm/share/eecue_6dof_arm/package.zsh'
[0.502s] [34mcolcon.colcon_core.environment[0m [1;30mLevel 1[0m create_file_with_runtime_dependencies(/Users/eecue/Documents/robotics/opencr_eecue/6dof_arm_eecue_opencr_ros/eecue_6dof_arm/install/eecue_6dof_arm/share/colcon-core/packages/eecue_6dof_arm)
[0.538s] [34mcolcon.colcon_core.environment[0m [1;30mLevel 1[0m create_environment_scripts_only(eecue_6dof_arm)
[0.542s] [34mcolcon.colcon_core.environment[0m [1;30mLevel 1[0m checking '/Users/eecue/Documents/robotics/opencr_eecue/6dof_arm_eecue_opencr_ros/eecue_6dof_arm/install/eecue_6dof_arm' for CMake module files
[0.542s] [34mcolcon.colcon_core.environment[0m [1;30mLevel 1[0m checking '/Users/eecue/Documents/robotics/opencr_eecue/6dof_arm_eecue_opencr_ros/eecue_6dof_arm/install/eecue_6dof_arm' for CMake config files
[0.542s] [34mcolcon.colcon_core.shell[0m [1;30mLevel 1[0m create_environment_hook('eecue_6dof_arm', 'cmake_prefix_path')
[0.545s] [34mcolcon.colcon_core.shell[0m [1;30mINFO[0m Creating environment hook '/Users/eecue/Documents/robotics/opencr_eecue/6dof_arm_eecue_opencr_ros/eecue_6dof_arm/install/eecue_6dof_arm/share/eecue_6dof_arm/hook/cmake_prefix_path.ps1'
[0.546s] [34mcolcon.colcon_core.shell[0m [1;30mINFO[0m Creating environment descriptor '/Users/eecue/Documents/robotics/opencr_eecue/6dof_arm_eecue_opencr_ros/eecue_6dof_arm/install/eecue_6dof_arm/share/eecue_6dof_arm/hook/cmake_prefix_path.dsv'
[0.546s] [34mcolcon.colcon_core.shell[0m [1;30mINFO[0m Creating environment hook '/Users/eecue/Documents/robotics/opencr_eecue/6dof_arm_eecue_opencr_ros/eecue_6dof_arm/install/eecue_6dof_arm/share/eecue_6dof_arm/hook/cmake_prefix_path.sh'
[0.546s] [34mcolcon.colcon_core.environment[0m [1;30mLevel 1[0m checking '/Users/eecue/Documents/robotics/opencr_eecue/6dof_arm_eecue_opencr_ros/eecue_6dof_arm/install/eecue_6dof_arm/lib'
[0.546s] [34mcolcon.colcon_core.environment[0m [1;30mLevel 1[0m checking '/Users/eecue/Documents/robotics/opencr_eecue/6dof_arm_eecue_opencr_ros/eecue_6dof_arm/install/eecue_6dof_arm/bin'
[0.546s] [34mcolcon.colcon_core.environment[0m [1;30mLevel 1[0m checking '/Users/eecue/Documents/robotics/opencr_eecue/6dof_arm_eecue_opencr_ros/eecue_6dof_arm/install/eecue_6dof_arm/lib/pkgconfig/eecue_6dof_arm.pc'
[0.546s] [34mcolcon.colcon_core.environment[0m [1;30mLevel 1[0m checking '/Users/eecue/Documents/robotics/opencr_eecue/6dof_arm_eecue_opencr_ros/eecue_6dof_arm/install/eecue_6dof_arm/lib/python3.9/site-packages'
[0.546s] [34mcolcon.colcon_core.environment[0m [1;30mLevel 1[0m checking '/Users/eecue/Documents/robotics/opencr_eecue/6dof_arm_eecue_opencr_ros/eecue_6dof_arm/install/eecue_6dof_arm/bin'
[0.550s] [34mcolcon.colcon_core.shell[0m [1;30mINFO[0m Creating package script '/Users/eecue/Documents/robotics/opencr_eecue/6dof_arm_eecue_opencr_ros/eecue_6dof_arm/install/eecue_6dof_arm/share/eecue_6dof_arm/package.ps1'
[0.550s] [34mcolcon.colcon_core.shell[0m [1;30mINFO[0m Creating package descriptor '/Users/eecue/Documents/robotics/opencr_eecue/6dof_arm_eecue_opencr_ros/eecue_6dof_arm/install/eecue_6dof_arm/share/eecue_6dof_arm/package.dsv'
[0.550s] [34mcolcon.colcon_core.shell[0m [1;30mINFO[0m Creating package script '/Users/eecue/Documents/robotics/opencr_eecue/6dof_arm_eecue_opencr_ros/eecue_6dof_arm/install/eecue_6dof_arm/share/eecue_6dof_arm/package.sh'
[0.550s] [34mcolcon.colcon_core.shell[0m [1;30mINFO[0m Creating package script '/Users/eecue/Documents/robotics/opencr_eecue/6dof_arm_eecue_opencr_ros/eecue_6dof_arm/install/eecue_6dof_arm/share/eecue_6dof_arm/package.bash'
[0.551s] [34mcolcon.colcon_core.shell[0m [1;30mINFO[0m Creating package script '/Users/eecue/Documents/robotics/opencr_eecue/6dof_arm_eecue_opencr_ros/eecue_6dof_arm/install/eecue_6dof_arm/share/eecue_6dof_arm/package.zsh'
[0.551s] [34mcolcon.colcon_core.environment[0m [1;30mLevel 1[0m create_file_with_runtime_dependencies(/Users/eecue/Documents/robotics/opencr_eecue/6dof_arm_eecue_opencr_ros/eecue_6dof_arm/install/eecue_6dof_arm/share/colcon-core/packages/eecue_6dof_arm)
[0.551s] [34mcolcon.colcon_parallel_executor.executor.parallel[0m [1;30mDEBUG[0m [32mclosing loop[0m
[0.551s] [34mcolcon.colcon_parallel_executor.executor.parallel[0m [1;30mDEBUG[0m [32mloop closed[0m
[0.551s] [34mcolcon.colcon_parallel_executor.executor.parallel[0m [1;30mDEBUG[0m [32mrun_until_complete finished with '0'[0m
[0.551s] [34mcolcon.colcon_core.event_reactor[0m [1;30mDEBUG[0m [32mjoining thread[0m
[0.552s] [34mcolcon.colcon_core.event_reactor[0m [1;30mDEBUG[0m [32mjoined thread[0m
[0.555s] [34mcolcon.colcon_core.shell[0m [1;30mINFO[0m Creating prefix script '/Users/eecue/Documents/robotics/opencr_eecue/6dof_arm_eecue_opencr_ros/eecue_6dof_arm/install/local_setup.ps1'
[0.555s] [34mcolcon.colcon_core.shell[0m [1;30mINFO[0m Creating prefix util module '/Users/eecue/Documents/robotics/opencr_eecue/6dof_arm_eecue_opencr_ros/eecue_6dof_arm/install/_local_setup_util_ps1.py'
[0.556s] [34mcolcon.colcon_core.shell[0m [1;30mINFO[0m Creating prefix chain script '/Users/eecue/Documents/robotics/opencr_eecue/6dof_arm_eecue_opencr_ros/eecue_6dof_arm/install/setup.ps1'
[0.559s] [34mcolcon.colcon_core.shell[0m [1;30mINFO[0m Creating prefix script '/Users/eecue/Documents/robotics/opencr_eecue/6dof_arm_eecue_opencr_ros/eecue_6dof_arm/install/local_setup.sh'
[0.559s] [34mcolcon.colcon_core.shell[0m [1;30mINFO[0m Creating prefix util module '/Users/eecue/Documents/robotics/opencr_eecue/6dof_arm_eecue_opencr_ros/eecue_6dof_arm/install/_local_setup_util_sh.py'
[0.559s] [34mcolcon.colcon_core.shell[0m [1;30mINFO[0m Creating prefix chain script '/Users/eecue/Documents/robotics/opencr_eecue/6dof_arm_eecue_opencr_ros/eecue_6dof_arm/install/setup.sh'
[0.562s] [34mcolcon.colcon_core.shell[0m [1;30mINFO[0m Creating prefix script '/Users/eecue/Documents/robotics/opencr_eecue/6dof_arm_eecue_opencr_ros/eecue_6dof_arm/install/local_setup.bash'
[0.562s] [34mcolcon.colcon_core.shell[0m [1;30mINFO[0m Creating prefix chain script '/Users/eecue/Documents/robotics/opencr_eecue/6dof_arm_eecue_opencr_ros/eecue_6dof_arm/install/setup.bash'
[0.565s] [34mcolcon.colcon_core.shell[0m [1;30mINFO[0m Creating prefix script '/Users/eecue/Documents/robotics/opencr_eecue/6dof_arm_eecue_opencr_ros/eecue_6dof_arm/install/local_setup.zsh'
[0.565s] [34mcolcon.colcon_core.shell[0m [1;30mINFO[0m Creating prefix chain script '/Users/eecue/Documents/robotics/opencr_eecue/6dof_arm_eecue_opencr_ros/eecue_6dof_arm/install/setup.zsh'
