[0.021s] Invoking command in '/Users/eecue/Documents/robotics/opencr_eecue/6dof_arm_eecue_opencr_ros/eecue_6dof_arm/build/eecue_6dof_arm': CONDA_PROMPT_MODIFIER=(ros_env) SHLVL=2 _=/Users/eecue/mambaforge/envs/ros_env/bin/env __CF_USER_TEXT_ENCODING=0x1F5:0x0:0x0 /Users/eecue/mambaforge/envs/ros_env/bin/cmake --build /Users/eecue/Documents/robotics/opencr_eecue/6dof_arm_eecue_opencr_ros/eecue_6dof_arm/build/eecue_6dof_arm -- -j10 -l10
[0.070s] Invoked command in '/Users/eecue/Documents/robotics/opencr_eecue/6dof_arm_eecue_opencr_ros/eecue_6dof_arm/build/eecue_6dof_arm' returned '0': CONDA_PROMPT_MODIFIER=(ros_env) SHLVL=2 _=/Users/eecue/mambaforge/envs/ros_env/bin/env __CF_USER_TEXT_ENCODING=0x1F5:0x0:0x0 /Users/eecue/mambaforge/envs/ros_env/bin/cmake --build /Users/eecue/Documents/robotics/opencr_eecue/6dof_arm_eecue_opencr_ros/eecue_6dof_arm/build/eecue_6dof_arm -- -j10 -l10
[0.120s] Invoking command in '/Users/eecue/Documents/robotics/opencr_eecue/6dof_arm_eecue_opencr_ros/eecue_6dof_arm/build/eecue_6dof_arm': CONDA_PROMPT_MODIFIER=(ros_env) SHLVL=2 _=/Users/eecue/mambaforge/envs/ros_env/bin/env __CF_USER_TEXT_ENCODING=0x1F5:0x0:0x0 /Users/eecue/mambaforge/envs/ros_env/bin/cmake --install /Users/eecue/Documents/robotics/opencr_eecue/6dof_arm_eecue_opencr_ros/eecue_6dof_arm/build/eecue_6dof_arm
[0.130s] -- Install configuration: ""
[0.130s] -- Up-to-date: /Users/eecue/Documents/robotics/opencr_eecue/6dof_arm_eecue_opencr_ros/eecue_6dof_arm/install/eecue_6dof_arm/share/eecue_6dof_arm/src
[0.130s] -- Up-to-date: /Users/eecue/Documents/robotics/opencr_eecue/6dof_arm_eecue_opencr_ros/eecue_6dof_arm/install/eecue_6dof_arm/share/eecue_6dof_arm/src/description
[0.130s] -- Up-to-date: /Users/eecue/Documents/robotics/opencr_eecue/6dof_arm_eecue_opencr_ros/eecue_6dof_arm/install/eecue_6dof_arm/share/eecue_6dof_arm/src/description/eecue_6dof_arm.urdf
[0.130s] -- Up-to-date: /Users/eecue/Documents/robotics/opencr_eecue/6dof_arm_eecue_opencr_ros/eecue_6dof_arm/install/eecue_6dof_arm/share/eecue_6dof_arm/launch
[0.130s] -- Up-to-date: /Users/eecue/Documents/robotics/opencr_eecue/6dof_arm_eecue_opencr_ros/eecue_6dof_arm/install/eecue_6dof_arm/share/eecue_6dof_arm/launch/display.launch.py
[0.130s] -- Up-to-date: /Users/eecue/Documents/robotics/opencr_eecue/6dof_arm_eecue_opencr_ros/eecue_6dof_arm/install/eecue_6dof_arm/share/eecue_6dof_arm/rviz
[0.130s] -- Up-to-date: /Users/eecue/Documents/robotics/opencr_eecue/6dof_arm_eecue_opencr_ros/eecue_6dof_arm/install/eecue_6dof_arm/share/eecue_6dof_arm/rviz/urdf_config.rviz
[0.130s] -- Up-to-date: /Users/eecue/Documents/robotics/opencr_eecue/6dof_arm_eecue_opencr_ros/eecue_6dof_arm/install/eecue_6dof_arm/share/ament_index/resource_index/package_run_dependencies/eecue_6dof_arm
[0.130s] -- Up-to-date: /Users/eecue/Documents/robotics/opencr_eecue/6dof_arm_eecue_opencr_ros/eecue_6dof_arm/install/eecue_6dof_arm/share/ament_index/resource_index/parent_prefix_path/eecue_6dof_arm
[0.131s] -- Up-to-date: /Users/eecue/Documents/robotics/opencr_eecue/6dof_arm_eecue_opencr_ros/eecue_6dof_arm/install/eecue_6dof_arm/share/eecue_6dof_arm/environment/ament_prefix_path.sh
[0.131s] -- Up-to-date: /Users/eecue/Documents/robotics/opencr_eecue/6dof_arm_eecue_opencr_ros/eecue_6dof_arm/install/eecue_6dof_arm/share/eecue_6dof_arm/environment/ament_prefix_path.dsv
[0.131s] -- Up-to-date: /Users/eecue/Documents/robotics/opencr_eecue/6dof_arm_eecue_opencr_ros/eecue_6dof_arm/install/eecue_6dof_arm/share/eecue_6dof_arm/environment/path.sh
[0.131s] -- Up-to-date: /Users/eecue/Documents/robotics/opencr_eecue/6dof_arm_eecue_opencr_ros/eecue_6dof_arm/install/eecue_6dof_arm/share/eecue_6dof_arm/environment/path.dsv
[0.131s] -- Up-to-date: /Users/eecue/Documents/robotics/opencr_eecue/6dof_arm_eecue_opencr_ros/eecue_6dof_arm/install/eecue_6dof_arm/share/eecue_6dof_arm/local_setup.bash
[0.131s] -- Up-to-date: /Users/eecue/Documents/robotics/opencr_eecue/6dof_arm_eecue_opencr_ros/eecue_6dof_arm/install/eecue_6dof_arm/share/eecue_6dof_arm/local_setup.sh
[0.131s] -- Up-to-date: /Users/eecue/Documents/robotics/opencr_eecue/6dof_arm_eecue_opencr_ros/eecue_6dof_arm/install/eecue_6dof_arm/share/eecue_6dof_arm/local_setup.zsh
[0.131s] -- Up-to-date: /Users/eecue/Documents/robotics/opencr_eecue/6dof_arm_eecue_opencr_ros/eecue_6dof_arm/install/eecue_6dof_arm/share/eecue_6dof_arm/local_setup.dsv
[0.131s] -- Installing: /Users/eecue/Documents/robotics/opencr_eecue/6dof_arm_eecue_opencr_ros/eecue_6dof_arm/install/eecue_6dof_arm/share/eecue_6dof_arm/package.dsv
[0.132s] -- Up-to-date: /Users/eecue/Documents/robotics/opencr_eecue/6dof_arm_eecue_opencr_ros/eecue_6dof_arm/install/eecue_6dof_arm/share/ament_index/resource_index/packages/eecue_6dof_arm
[0.132s] -- Up-to-date: /Users/eecue/Documents/robotics/opencr_eecue/6dof_arm_eecue_opencr_ros/eecue_6dof_arm/install/eecue_6dof_arm/share/eecue_6dof_arm/cmake/eecue_6dof_armConfig.cmake
[0.132s] -- Up-to-date: /Users/eecue/Documents/robotics/opencr_eecue/6dof_arm_eecue_opencr_ros/eecue_6dof_arm/install/eecue_6dof_arm/share/eecue_6dof_arm/cmake/eecue_6dof_armConfig-version.cmake
[0.132s] -- Up-to-date: /Users/eecue/Documents/robotics/opencr_eecue/6dof_arm_eecue_opencr_ros/eecue_6dof_arm/install/eecue_6dof_arm/share/eecue_6dof_arm/package.xml
[0.134s] Invoked command in '/Users/eecue/Documents/robotics/opencr_eecue/6dof_arm_eecue_opencr_ros/eecue_6dof_arm/build/eecue_6dof_arm' returned '0': CONDA_PROMPT_MODIFIER=(ros_env) SHLVL=2 _=/Users/eecue/mambaforge/envs/ros_env/bin/env __CF_USER_TEXT_ENCODING=0x1F5:0x0:0x0 /Users/eecue/mambaforge/envs/ros_env/bin/cmake --install /Users/eecue/Documents/robotics/opencr_eecue/6dof_arm_eecue_opencr_ros/eecue_6dof_arm/build/eecue_6dof_arm
